{"/Users/alexmason/Documents/_dev/demos/battleships/spec/board-spec.js":{"path":"/Users/alexmason/Documents/_dev/demos/battleships/spec/board-spec.js","s":{"1":1,"2":1,"3":1,"4":1,"5":1,"6":1,"7":1,"8":1,"9":9,"10":9,"11":1,"12":1,"13":1,"14":1,"15":1,"16":1,"17":1,"18":1,"19":1,"20":1,"21":1,"22":1,"23":1,"24":1,"25":1,"26":1,"27":1,"28":1,"29":1,"30":1,"31":1,"32":1,"33":1,"34":1,"35":1,"36":1,"37":1,"38":1,"39":1,"40":1,"41":3,"42":1,"43":1,"44":1,"45":1,"46":1,"47":1,"48":1,"49":1,"50":1,"51":1,"52":1,"53":1,"54":1,"55":1,"56":1},"b":{"1":[1,1]},"f":{"1":1,"2":9,"3":1,"4":1,"5":1,"6":1,"7":1,"8":1,"9":1,"10":1,"11":1},"fnMap":{"1":{"name":"(anonymous_1)","line":3,"loc":{"start":{"line":3,"column":151},"end":{"line":3,"column":161}}},"2":{"name":"(anonymous_2)","line":15,"loc":{"start":{"line":15,"column":13},"end":{"line":15,"column":23}}},"3":{"name":"(anonymous_3)","line":20,"loc":{"start":{"line":20,"column":90},"end":{"line":20,"column":100}}},"4":{"name":"(anonymous_4)","line":26,"loc":{"start":{"line":26,"column":91},"end":{"line":26,"column":101}}},"5":{"name":"(anonymous_5)","line":33,"loc":{"start":{"line":33,"column":119},"end":{"line":33,"column":129}}},"6":{"name":"(anonymous_6)","line":44,"loc":{"start":{"line":44,"column":59},"end":{"line":44,"column":69}}},"7":{"name":"(anonymous_7)","line":50,"loc":{"start":{"line":50,"column":140},"end":{"line":50,"column":150}}},"8":{"name":"(anonymous_8)","line":62,"loc":{"start":{"line":62,"column":98},"end":{"line":62,"column":108}}},"9":{"name":"(anonymous_9)","line":70,"loc":{"start":{"line":70,"column":163},"end":{"line":70,"column":173}}},"10":{"name":"(anonymous_10)","line":86,"loc":{"start":{"line":86,"column":53},"end":{"line":86,"column":63}}},"11":{"name":"(anonymous_11)","line":93,"loc":{"start":{"line":93,"column":53},"end":{"line":93,"column":63}}}},"statementMap":{"1":{"start":{"line":1,"column":0},"end":{"line":1,"column":39}},"2":{"start":{"line":3,"column":0},"end":{"line":104,"column":3}},"3":{"start":{"line":4,"column":2},"end":{"line":4,"column":18}},"4":{"start":{"line":5,"column":2},"end":{"line":5,"column":12}},"5":{"start":{"line":7,"column":2},"end":{"line":7,"column":20}},"6":{"start":{"line":8,"column":2},"end":{"line":8,"column":19}},"7":{"start":{"line":9,"column":2},"end":{"line":13,"column":4}},"8":{"start":{"line":15,"column":2},"end":{"line":18,"column":5}},"9":{"start":{"line":16,"column":4},"end":{"line":16,"column":24}},"10":{"start":{"line":17,"column":4},"end":{"line":17,"column":54}},"11":{"start":{"line":20,"column":2},"end":{"line":24,"column":5}},"12":{"start":{"line":21,"column":4},"end":{"line":21,"column":42}},"13":{"start":{"line":22,"column":4},"end":{"line":22,"column":36}},"14":{"start":{"line":23,"column":4},"end":{"line":23,"column":42}},"15":{"start":{"line":26,"column":2},"end":{"line":31,"column":5}},"16":{"start":{"line":27,"column":4},"end":{"line":29,"column":5}},"17":{"start":{"line":28,"column":6},"end":{"line":28,"column":58}},"18":{"start":{"line":30,"column":4},"end":{"line":30,"column":49}},"19":{"start":{"line":33,"column":2},"end":{"line":43,"column":5}},"20":{"start":{"line":34,"column":4},"end":{"line":34,"column":33}},"21":{"start":{"line":35,"column":4},"end":{"line":38,"column":6}},"22":{"start":{"line":40,"column":4},"end":{"line":40,"column":38}},"23":{"start":{"line":42,"column":4},"end":{"line":42,"column":91}},"24":{"start":{"line":44,"column":2},"end":{"line":48,"column":5}},"25":{"start":{"line":45,"column":4},"end":{"line":45,"column":43}},"26":{"start":{"line":46,"column":4},"end":{"line":46,"column":29}},"27":{"start":{"line":47,"column":4},"end":{"line":47,"column":58}},"28":{"start":{"line":50,"column":2},"end":{"line":60,"column":5}},"29":{"start":{"line":51,"column":4},"end":{"line":51,"column":52}},"30":{"start":{"line":52,"column":4},"end":{"line":55,"column":6}},"31":{"start":{"line":57,"column":4},"end":{"line":57,"column":54}},"32":{"start":{"line":59,"column":4},"end":{"line":59,"column":91}},"33":{"start":{"line":62,"column":2},"end":{"line":68,"column":5}},"34":{"start":{"line":63,"column":4},"end":{"line":63,"column":17}},"35":{"start":{"line":65,"column":4},"end":{"line":65,"column":34}},"36":{"start":{"line":66,"column":4},"end":{"line":66,"column":76}},"37":{"start":{"line":67,"column":4},"end":{"line":67,"column":48}},"38":{"start":{"line":70,"column":2},"end":{"line":84,"column":5}},"39":{"start":{"line":71,"column":4},"end":{"line":71,"column":17}},"40":{"start":{"line":73,"column":4},"end":{"line":75,"column":5}},"41":{"start":{"line":74,"column":6},"end":{"line":74,"column":58}},"42":{"start":{"line":77,"column":4},"end":{"line":79,"column":6}},"43":{"start":{"line":81,"column":4},"end":{"line":81,"column":43}},"44":{"start":{"line":82,"column":4},"end":{"line":82,"column":76}},"45":{"start":{"line":83,"column":4},"end":{"line":83,"column":53}},"46":{"start":{"line":86,"column":2},"end":{"line":91,"column":5}},"47":{"start":{"line":87,"column":4},"end":{"line":87,"column":51}},"48":{"start":{"line":89,"column":4},"end":{"line":89,"column":88}},"49":{"start":{"line":90,"column":4},"end":{"line":90,"column":44}},"50":{"start":{"line":93,"column":2},"end":{"line":103,"column":5}},"51":{"start":{"line":94,"column":4},"end":{"line":94,"column":48}},"52":{"start":{"line":96,"column":4},"end":{"line":96,"column":39}},"53":{"start":{"line":98,"column":4},"end":{"line":98,"column":78}},"54":{"start":{"line":99,"column":4},"end":{"line":99,"column":79}},"55":{"start":{"line":101,"column":4},"end":{"line":101,"column":66}},"56":{"start":{"line":102,"column":4},"end":{"line":102,"column":67}}},"branchMap":{"1":{"line":89,"type":"binary-expr","locations":[{"start":{"line":89,"column":29},"end":{"line":89,"column":57}},{"start":{"line":89,"column":61},"end":{"line":89,"column":87}}]}}},"/Users/alexmason/Documents/_dev/demos/battleships/src/board.js":{"path":"/Users/alexmason/Documents/_dev/demos/battleships/src/board.js","s":{"1":1,"2":1,"3":1,"4":22,"5":24,"6":24,"7":24,"8":24,"9":24,"10":24,"11":25,"12":4,"13":25,"14":8,"15":8,"16":8,"17":8,"18":6,"19":1,"20":5,"21":18,"22":1,"23":17,"24":4,"25":2,"26":2,"27":1,"28":1,"29":5,"30":0,"31":5,"32":1,"33":2,"34":2,"35":3,"36":3,"37":1,"38":3,"39":9,"40":9,"41":6,"42":3,"43":25,"44":15,"45":67,"46":2},"b":{"1":[6,2],"2":[1,5],"3":[1,17],"4":[2,0],"5":[1,1],"6":[0,5],"7":[1,2],"8":[6,3],"9":[2,65],"10":[67,2]},"f":{"1":22,"2":24,"3":25,"4":8,"5":2,"6":2,"7":3,"8":9,"9":9,"10":25,"11":15,"12":67},"fnMap":{"1":{"name":"(anonymous_1)","line":4,"loc":{"start":{"line":4,"column":17},"end":{"line":4,"column":51}}},"2":{"name":"(anonymous_2)","line":8,"loc":{"start":{"line":8,"column":10},"end":{"line":8,"column":20}}},"3":{"name":"(anonymous_3)","line":19,"loc":{"start":{"line":19,"column":16},"end":{"line":19,"column":39}}},"4":{"name":"(anonymous_4)","line":28,"loc":{"start":{"line":28,"column":27},"end":{"line":28,"column":41}}},"5":{"name":"(anonymous_5)","line":72,"loc":{"start":{"line":72,"column":36},"end":{"line":72,"column":57}}},"6":{"name":"(anonymous_6)","line":73,"loc":{"start":{"line":73,"column":32},"end":{"line":73,"column":46}}},"7":{"name":"(anonymous_7)","line":77,"loc":{"start":{"line":77,"column":16},"end":{"line":77,"column":53}}},"8":{"name":"(anonymous_8)","line":88,"loc":{"start":{"line":88,"column":23},"end":{"line":88,"column":33}}},"9":{"name":"(anonymous_9)","line":91,"loc":{"start":{"line":91,"column":26},"end":{"line":91,"column":36}}},"10":{"name":"(anonymous_10)","line":97,"loc":{"start":{"line":97,"column":29},"end":{"line":97,"column":56}}},"11":{"name":"(anonymous_11)","line":98,"loc":{"start":{"line":98,"column":32},"end":{"line":98,"column":46}}},"12":{"name":"(anonymous_12)","line":99,"loc":{"start":{"line":99,"column":40},"end":{"line":99,"column":60}}}},"statementMap":{"1":{"start":{"line":1,"column":0},"end":{"line":1,"column":30}},"2":{"start":{"line":2,"column":0},"end":{"line":2,"column":32}},"3":{"start":{"line":4,"column":0},"end":{"line":107,"column":2}},"4":{"start":{"line":7,"column":2},"end":{"line":106,"column":4}},"5":{"start":{"line":9,"column":6},"end":{"line":9,"column":31}},"6":{"start":{"line":10,"column":6},"end":{"line":10,"column":22}},"7":{"start":{"line":11,"column":6},"end":{"line":11,"column":22}},"8":{"start":{"line":14,"column":6},"end":{"line":16,"column":7}},"9":{"start":{"line":15,"column":8},"end":{"line":15,"column":43}},"10":{"start":{"line":17,"column":6},"end":{"line":17,"column":18}},"11":{"start":{"line":23,"column":6},"end":{"line":25,"column":7}},"12":{"start":{"line":24,"column":8},"end":{"line":24,"column":83}},"13":{"start":{"line":26,"column":6},"end":{"line":26,"column":54}},"14":{"start":{"line":30,"column":6},"end":{"line":30,"column":51}},"15":{"start":{"line":31,"column":6},"end":{"line":31,"column":52}},"16":{"start":{"line":32,"column":6},"end":{"line":32,"column":27}},"17":{"start":{"line":33,"column":6},"end":{"line":68,"column":7}},"18":{"start":{"line":36,"column":8},"end":{"line":49,"column":9}},"19":{"start":{"line":37,"column":10},"end":{"line":37,"column":23}},"20":{"start":{"line":41,"column":10},"end":{"line":47,"column":11}},"21":{"start":{"line":42,"column":12},"end":{"line":44,"column":13}},"22":{"start":{"line":43,"column":14},"end":{"line":43,"column":27}},"23":{"start":{"line":46,"column":12},"end":{"line":46,"column":71}},"24":{"start":{"line":48,"column":10},"end":{"line":48,"column":29}},"25":{"start":{"line":51,"column":11},"end":{"line":68,"column":7}},"26":{"start":{"line":54,"column":8},"end":{"line":67,"column":9}},"27":{"start":{"line":55,"column":10},"end":{"line":55,"column":23}},"28":{"start":{"line":59,"column":10},"end":{"line":65,"column":11}},"29":{"start":{"line":60,"column":12},"end":{"line":62,"column":13}},"30":{"start":{"line":61,"column":14},"end":{"line":61,"column":27}},"31":{"start":{"line":64,"column":12},"end":{"line":64,"column":71}},"32":{"start":{"line":66,"column":10},"end":{"line":66,"column":29}},"33":{"start":{"line":73,"column":6},"end":{"line":75,"column":9}},"34":{"start":{"line":74,"column":8},"end":{"line":74,"column":56}},"35":{"start":{"line":78,"column":6},"end":{"line":78,"column":22}},"36":{"start":{"line":80,"column":6},"end":{"line":82,"column":7}},"37":{"start":{"line":81,"column":8},"end":{"line":81,"column":19}},"38":{"start":{"line":83,"column":6},"end":{"line":86,"column":9}},"39":{"start":{"line":89,"column":6},"end":{"line":89,"column":100}},"40":{"start":{"line":92,"column":6},"end":{"line":94,"column":7}},"41":{"start":{"line":93,"column":8},"end":{"line":93,"column":28}},"42":{"start":{"line":95,"column":6},"end":{"line":95,"column":24}},"43":{"start":{"line":98,"column":6},"end":{"line":104,"column":9}},"44":{"start":{"line":99,"column":8},"end":{"line":103,"column":11}},"45":{"start":{"line":100,"column":10},"end":{"line":102,"column":11}},"46":{"start":{"line":101,"column":12},"end":{"line":101,"column":24}}},"branchMap":{"1":{"line":33,"type":"if","locations":[{"start":{"line":33,"column":6},"end":{"line":33,"column":6}},{"start":{"line":33,"column":6},"end":{"line":33,"column":6}}]},"2":{"line":36,"type":"if","locations":[{"start":{"line":36,"column":8},"end":{"line":36,"column":8}},{"start":{"line":36,"column":8},"end":{"line":36,"column":8}}]},"3":{"line":42,"type":"if","locations":[{"start":{"line":42,"column":12},"end":{"line":42,"column":12}},{"start":{"line":42,"column":12},"end":{"line":42,"column":12}}]},"4":{"line":51,"type":"if","locations":[{"start":{"line":51,"column":11},"end":{"line":51,"column":11}},{"start":{"line":51,"column":11},"end":{"line":51,"column":11}}]},"5":{"line":54,"type":"if","locations":[{"start":{"line":54,"column":8},"end":{"line":54,"column":8}},{"start":{"line":54,"column":8},"end":{"line":54,"column":8}}]},"6":{"line":60,"type":"if","locations":[{"start":{"line":60,"column":12},"end":{"line":60,"column":12}},{"start":{"line":60,"column":12},"end":{"line":60,"column":12}}]},"7":{"line":80,"type":"if","locations":[{"start":{"line":80,"column":6},"end":{"line":80,"column":6}},{"start":{"line":80,"column":6},"end":{"line":80,"column":6}}]},"8":{"line":92,"type":"if","locations":[{"start":{"line":92,"column":6},"end":{"line":92,"column":6}},{"start":{"line":92,"column":6},"end":{"line":92,"column":6}}]},"9":{"line":100,"type":"if","locations":[{"start":{"line":100,"column":10},"end":{"line":100,"column":10}},{"start":{"line":100,"column":10},"end":{"line":100,"column":10}}]},"10":{"line":100,"type":"binary-expr","locations":[{"start":{"line":100,"column":13},"end":{"line":100,"column":51}},{"start":{"line":100,"column":55},"end":{"line":100,"column":93}}]}}},"/Users/alexmason/Documents/_dev/demos/battleships/src/ship.js":{"path":"/Users/alexmason/Documents/_dev/demos/battleships/src/ship.js","s":{"1":1,"2":28,"3":28,"4":28,"5":28,"6":28,"7":28,"8":28,"9":6,"10":6,"11":1,"12":2,"13":2},"b":{"1":[1,5]},"f":{"1":28,"2":28,"3":6,"4":2},"fnMap":{"1":{"name":"(anonymous_1)","line":1,"loc":{"start":{"line":1,"column":17},"end":{"line":1,"column":35}}},"2":{"name":"(anonymous_2)","line":5,"loc":{"start":{"line":5,"column":10},"end":{"line":5,"column":20}}},"3":{"name":"(anonymous_3)","line":14,"loc":{"start":{"line":14,"column":18},"end":{"line":14,"column":28}}},"4":{"name":"(anonymous_4)","line":21,"loc":{"start":{"line":21,"column":14},"end":{"line":21,"column":24}}}},"statementMap":{"1":{"start":{"line":1,"column":0},"end":{"line":26,"column":2}},"2":{"start":{"line":4,"column":2},"end":{"line":25,"column":4}},"3":{"start":{"line":6,"column":6},"end":{"line":6,"column":46}},"4":{"start":{"line":7,"column":6},"end":{"line":7,"column":32}},"5":{"start":{"line":8,"column":6},"end":{"line":8,"column":32}},"6":{"start":{"line":9,"column":6},"end":{"line":9,"column":24}},"7":{"start":{"line":10,"column":6},"end":{"line":10,"column":24}},"8":{"start":{"line":12,"column":6},"end":{"line":12,"column":18}},"9":{"start":{"line":15,"column":6},"end":{"line":15,"column":22}},"10":{"start":{"line":17,"column":6},"end":{"line":19,"column":7}},"11":{"start":{"line":18,"column":8},"end":{"line":18,"column":24}},"12":{"start":{"line":22,"column":6},"end":{"line":22,"column":50}},"13":{"start":{"line":23,"column":6},"end":{"line":23,"column":23}}},"branchMap":{"1":{"line":17,"type":"if","locations":[{"start":{"line":17,"column":6},"end":{"line":17,"column":6}},{"start":{"line":17,"column":6},"end":{"line":17,"column":6}}]}}},"/Users/alexmason/Documents/_dev/demos/battleships/spec/game-spec.js":{"path":"/Users/alexmason/Documents/_dev/demos/battleships/spec/game-spec.js","s":{"1":1,"2":1,"3":1,"4":1,"5":1,"6":1,"7":13,"8":13,"9":1,"10":13,"11":1,"12":1,"13":1,"14":1,"15":1,"16":1,"17":1,"18":1,"19":1,"20":1,"21":1,"22":1,"23":1,"24":1,"25":1,"26":1,"27":1,"28":1,"29":1,"30":1,"31":1,"32":1,"33":1,"34":1,"35":1,"36":1,"37":1,"38":1,"39":1,"40":1,"41":1,"42":1,"43":1,"44":1,"45":1,"46":1,"47":1,"48":1,"49":1},"b":{},"f":{"1":1,"2":13,"3":13,"4":1,"5":1,"6":1,"7":1,"8":1,"9":1,"10":1,"11":1,"12":1,"13":1,"14":1,"15":1,"16":1},"fnMap":{"1":{"name":"(anonymous_1)","line":4,"loc":{"start":{"line":4,"column":56},"end":{"line":4,"column":66}}},"2":{"name":"(anonymous_2)","line":15,"loc":{"start":{"line":15,"column":13},"end":{"line":15,"column":23}}},"3":{"name":"(anonymous_3)","line":20,"loc":{"start":{"line":20,"column":12},"end":{"line":20,"column":23}}},"4":{"name":"(anonymous_4)","line":24,"loc":{"start":{"line":24,"column":90},"end":{"line":24,"column":100}}},"5":{"name":"(anonymous_5)","line":31,"loc":{"start":{"line":31,"column":82},"end":{"line":31,"column":92}}},"6":{"name":"(anonymous_6)","line":36,"loc":{"start":{"line":36,"column":58},"end":{"line":36,"column":68}}},"7":{"name":"(anonymous_7)","line":41,"loc":{"start":{"line":41,"column":76},"end":{"line":41,"column":86}}},"8":{"name":"(anonymous_8)","line":46,"loc":{"start":{"line":46,"column":102},"end":{"line":46,"column":112}}},"9":{"name":"(anonymous_9)","line":51,"loc":{"start":{"line":51,"column":64},"end":{"line":51,"column":74}}},"10":{"name":"(anonymous_10)","line":56,"loc":{"start":{"line":56,"column":64},"end":{"line":56,"column":74}}},"11":{"name":"(anonymous_11)","line":61,"loc":{"start":{"line":61,"column":79},"end":{"line":61,"column":89}}},"12":{"name":"(anonymous_12)","line":66,"loc":{"start":{"line":66,"column":102},"end":{"line":66,"column":112}}},"13":{"name":"(anonymous_13)","line":71,"loc":{"start":{"line":71,"column":138},"end":{"line":71,"column":148}}},"14":{"name":"(anonymous_14)","line":76,"loc":{"start":{"line":76,"column":116},"end":{"line":76,"column":126}}},"15":{"name":"(anonymous_15)","line":81,"loc":{"start":{"line":81,"column":67},"end":{"line":81,"column":77}}},"16":{"name":"(anonymous_16)","line":85,"loc":{"start":{"line":85,"column":58},"end":{"line":85,"column":68}}}},"statementMap":{"1":{"start":{"line":1,"column":0},"end":{"line":1,"column":37}},"2":{"start":{"line":4,"column":0},"end":{"line":90,"column":3}},"3":{"start":{"line":5,"column":2},"end":{"line":5,"column":11}},"4":{"start":{"line":7,"column":2},"end":{"line":7,"column":20}},"5":{"start":{"line":8,"column":2},"end":{"line":13,"column":4}},"6":{"start":{"line":15,"column":2},"end":{"line":18,"column":5}},"7":{"start":{"line":16,"column":4},"end":{"line":16,"column":37}},"8":{"start":{"line":17,"column":4},"end":{"line":17,"column":16}},"9":{"start":{"line":20,"column":2},"end":{"line":22,"column":5}},"10":{"start":{"line":21,"column":4},"end":{"line":21,"column":21}},"11":{"start":{"line":24,"column":2},"end":{"line":29,"column":5}},"12":{"start":{"line":25,"column":4},"end":{"line":25,"column":27}},"13":{"start":{"line":26,"column":4},"end":{"line":26,"column":75}},"14":{"start":{"line":28,"column":4},"end":{"line":28,"column":48}},"15":{"start":{"line":31,"column":2},"end":{"line":34,"column":5}},"16":{"start":{"line":32,"column":4},"end":{"line":32,"column":75}},"17":{"start":{"line":33,"column":4},"end":{"line":33,"column":63}},"18":{"start":{"line":36,"column":2},"end":{"line":39,"column":5}},"19":{"start":{"line":37,"column":4},"end":{"line":37,"column":33}},"20":{"start":{"line":38,"column":4},"end":{"line":38,"column":68}},"21":{"start":{"line":41,"column":2},"end":{"line":44,"column":5}},"22":{"start":{"line":42,"column":4},"end":{"line":42,"column":29}},"23":{"start":{"line":43,"column":4},"end":{"line":43,"column":76}},"24":{"start":{"line":46,"column":2},"end":{"line":49,"column":5}},"25":{"start":{"line":47,"column":4},"end":{"line":47,"column":30}},"26":{"start":{"line":48,"column":4},"end":{"line":48,"column":76}},"27":{"start":{"line":51,"column":2},"end":{"line":54,"column":5}},"28":{"start":{"line":52,"column":4},"end":{"line":52,"column":29}},"29":{"start":{"line":53,"column":4},"end":{"line":53,"column":77}},"30":{"start":{"line":56,"column":2},"end":{"line":59,"column":5}},"31":{"start":{"line":57,"column":4},"end":{"line":57,"column":29}},"32":{"start":{"line":58,"column":4},"end":{"line":58,"column":77}},"33":{"start":{"line":61,"column":2},"end":{"line":64,"column":5}},"34":{"start":{"line":62,"column":4},"end":{"line":62,"column":30}},"35":{"start":{"line":63,"column":4},"end":{"line":63,"column":77}},"36":{"start":{"line":66,"column":2},"end":{"line":69,"column":5}},"37":{"start":{"line":67,"column":4},"end":{"line":67,"column":29}},"38":{"start":{"line":68,"column":4},"end":{"line":68,"column":77}},"39":{"start":{"line":71,"column":2},"end":{"line":74,"column":5}},"40":{"start":{"line":72,"column":4},"end":{"line":72,"column":29}},"41":{"start":{"line":73,"column":4},"end":{"line":73,"column":77}},"42":{"start":{"line":76,"column":2},"end":{"line":79,"column":5}},"43":{"start":{"line":77,"column":4},"end":{"line":77,"column":30}},"44":{"start":{"line":78,"column":4},"end":{"line":78,"column":77}},"45":{"start":{"line":81,"column":2},"end":{"line":83,"column":5}},"46":{"start":{"line":82,"column":4},"end":{"line":82,"column":52}},"47":{"start":{"line":85,"column":2},"end":{"line":88,"column":5}},"48":{"start":{"line":86,"column":4},"end":{"line":86,"column":36}},"49":{"start":{"line":87,"column":4},"end":{"line":87,"column":51}}},"branchMap":{}},"/Users/alexmason/Documents/_dev/demos/battleships/src/game.js":{"path":"/Users/alexmason/Documents/_dev/demos/battleships/src/game.js","s":{"1":1,"2":1,"3":1,"4":1,"5":13,"6":13,"7":13,"8":13,"9":1,"10":1,"11":1,"12":1,"13":2,"14":9,"15":9,"16":9,"17":8,"18":8,"19":0,"20":8,"21":2,"22":6,"23":2,"24":4,"25":1,"26":3,"27":2,"28":1,"29":2,"30":0,"31":0,"32":0,"33":0,"34":0,"35":0,"36":0,"37":0,"38":0,"39":0,"40":0,"41":0,"42":0,"43":0,"44":0,"45":0,"46":0,"47":0,"48":0,"49":0,"50":0,"51":0,"52":0,"53":0,"54":0,"55":0,"56":0,"57":0,"58":0,"59":0,"60":0,"61":0,"62":2,"63":2},"b":{"1":[0,8],"2":[8,8],"3":[2,6],"4":[2,4],"5":[1,3],"6":[2,1],"7":[1,1],"8":[0,0],"9":[0,0],"10":[0,0],"11":[0,0],"12":[0,0],"13":[0,0],"14":[0,0],"15":[0,0],"16":[0,0],"17":[0,0]},"f":{"1":13,"2":13,"3":1,"4":2,"5":9,"6":8,"7":0,"8":0,"9":0,"10":0,"11":2,"12":2},"fnMap":{"1":{"name":"(anonymous_1)","line":5,"loc":{"start":{"line":5,"column":17},"end":{"line":5,"column":50}}},"2":{"name":"(anonymous_2)","line":9,"loc":{"start":{"line":9,"column":10},"end":{"line":9,"column":20}}},"3":{"name":"(anonymous_3)","line":17,"loc":{"start":{"line":17,"column":31},"end":{"line":17,"column":52}}},"4":{"name":"(anonymous_4)","line":26,"loc":{"start":{"line":26,"column":26},"end":{"line":26,"column":36}}},"5":{"name":"(anonymous_5)","line":31,"loc":{"start":{"line":31,"column":31},"end":{"line":31,"column":41}}},"6":{"name":"(anonymous_6)","line":37,"loc":{"start":{"line":37,"column":38},"end":{"line":37,"column":59}}},"7":{"name":"(anonymous_7)","line":67,"loc":{"start":{"line":67,"column":14},"end":{"line":67,"column":24}}},"8":{"name":"(anonymous_8)","line":70,"loc":{"start":{"line":70,"column":17},"end":{"line":70,"column":27}}},"9":{"name":"(anonymous_9)","line":71,"loc":{"start":{"line":71,"column":45},"end":{"line":71,"column":69}}},"10":{"name":"(anonymous_10)","line":93,"loc":{"start":{"line":93,"column":10},"end":{"line":93,"column":31}}},"11":{"name":"(anonymous_11)","line":128,"loc":{"start":{"line":128,"column":23},"end":{"line":128,"column":33}}},"12":{"name":"(anonymous_12)","line":129,"loc":{"start":{"line":129,"column":39},"end":{"line":129,"column":53}}}},"statementMap":{"1":{"start":{"line":1,"column":0},"end":{"line":1,"column":30}},"2":{"start":{"line":2,"column":0},"end":{"line":2,"column":29}},"3":{"start":{"line":3,"column":0},"end":{"line":3,"column":34}},"4":{"start":{"line":5,"column":0},"end":{"line":134,"column":2}},"5":{"start":{"line":8,"column":2},"end":{"line":133,"column":4}},"6":{"start":{"line":10,"column":6},"end":{"line":10,"column":31}},"7":{"start":{"line":11,"column":6},"end":{"line":11,"column":61}},"8":{"start":{"line":13,"column":6},"end":{"line":13,"column":18}},"9":{"start":{"line":18,"column":6},"end":{"line":18,"column":58}},"10":{"start":{"line":19,"column":6},"end":{"line":19,"column":73}},"11":{"start":{"line":21,"column":6},"end":{"line":21,"column":57}},"12":{"start":{"line":23,"column":6},"end":{"line":23,"column":30}},"13":{"start":{"line":27,"column":6},"end":{"line":27,"column":77}},"14":{"start":{"line":32,"column":6},"end":{"line":32,"column":60}},"15":{"start":{"line":33,"column":6},"end":{"line":33,"column":51}},"16":{"start":{"line":35,"column":6},"end":{"line":35,"column":56}},"17":{"start":{"line":38,"column":6},"end":{"line":38,"column":57}},"18":{"start":{"line":41,"column":6},"end":{"line":56,"column":7}},"19":{"start":{"line":42,"column":8},"end":{"line":42,"column":21}},"20":{"start":{"line":45,"column":11},"end":{"line":56,"column":7}},"21":{"start":{"line":46,"column":8},"end":{"line":46,"column":21}},"22":{"start":{"line":49,"column":11},"end":{"line":56,"column":7}},"23":{"start":{"line":50,"column":8},"end":{"line":50,"column":21}},"24":{"start":{"line":54,"column":11},"end":{"line":56,"column":7}},"25":{"start":{"line":55,"column":8},"end":{"line":55,"column":21}},"26":{"start":{"line":60,"column":6},"end":{"line":64,"column":7}},"27":{"start":{"line":61,"column":8},"end":{"line":63,"column":9}},"28":{"start":{"line":62,"column":10},"end":{"line":62,"column":23}},"29":{"start":{"line":65,"column":6},"end":{"line":65,"column":18}},"30":{"start":{"line":68,"column":6},"end":{"line":68,"column":21}},"31":{"start":{"line":71,"column":6},"end":{"line":91,"column":20}},"32":{"start":{"line":72,"column":8},"end":{"line":72,"column":31}},"33":{"start":{"line":73,"column":8},"end":{"line":76,"column":9}},"34":{"start":{"line":74,"column":10},"end":{"line":74,"column":63}},"35":{"start":{"line":75,"column":10},"end":{"line":75,"column":29}},"36":{"start":{"line":78,"column":8},"end":{"line":80,"column":9}},"37":{"start":{"line":79,"column":10},"end":{"line":79,"column":26}},"38":{"start":{"line":82,"column":8},"end":{"line":90,"column":9}},"39":{"start":{"line":83,"column":10},"end":{"line":83,"column":69}},"40":{"start":{"line":84,"column":10},"end":{"line":84,"column":40}},"41":{"start":{"line":87,"column":10},"end":{"line":88,"column":69}},"42":{"start":{"line":89,"column":10},"end":{"line":89,"column":29}},"43":{"start":{"line":95,"column":6},"end":{"line":95,"column":80}},"44":{"start":{"line":96,"column":6},"end":{"line":96,"column":75}},"45":{"start":{"line":98,"column":6},"end":{"line":111,"column":7}},"46":{"start":{"line":99,"column":8},"end":{"line":109,"column":9}},"47":{"start":{"line":100,"column":10},"end":{"line":105,"column":11}},"48":{"start":{"line":101,"column":12},"end":{"line":101,"column":90}},"49":{"start":{"line":104,"column":12},"end":{"line":104,"column":83}},"50":{"start":{"line":107,"column":13},"end":{"line":109,"column":9}},"51":{"start":{"line":108,"column":10},"end":{"line":108,"column":82}},"52":{"start":{"line":110,"column":8},"end":{"line":110,"column":34}},"53":{"start":{"line":113,"column":6},"end":{"line":124,"column":7}},"54":{"start":{"line":114,"column":8},"end":{"line":114,"column":28}},"55":{"start":{"line":115,"column":8},"end":{"line":115,"column":49}},"56":{"start":{"line":117,"column":8},"end":{"line":120,"column":9}},"57":{"start":{"line":118,"column":10},"end":{"line":118,"column":123}},"58":{"start":{"line":119,"column":10},"end":{"line":119,"column":26}},"59":{"start":{"line":123,"column":8},"end":{"line":123,"column":43}},"60":{"start":{"line":125,"column":6},"end":{"line":125,"column":57}},"61":{"start":{"line":126,"column":6},"end":{"line":126,"column":32}},"62":{"start":{"line":129,"column":6},"end":{"line":131,"column":9}},"63":{"start":{"line":130,"column":8},"end":{"line":130,"column":34}}},"branchMap":{"1":{"line":41,"type":"if","locations":[{"start":{"line":41,"column":6},"end":{"line":41,"column":6}},{"start":{"line":41,"column":6},"end":{"line":41,"column":6}}]},"2":{"line":41,"type":"binary-expr","locations":[{"start":{"line":41,"column":11},"end":{"line":41,"column":34}},{"start":{"line":41,"column":38},"end":{"line":41,"column":61}}]},"3":{"line":45,"type":"if","locations":[{"start":{"line":45,"column":11},"end":{"line":45,"column":11}},{"start":{"line":45,"column":11},"end":{"line":45,"column":11}}]},"4":{"line":49,"type":"if","locations":[{"start":{"line":49,"column":11},"end":{"line":49,"column":11}},{"start":{"line":49,"column":11},"end":{"line":49,"column":11}}]},"5":{"line":54,"type":"if","locations":[{"start":{"line":54,"column":11},"end":{"line":54,"column":11}},{"start":{"line":54,"column":11},"end":{"line":54,"column":11}}]},"6":{"line":60,"type":"if","locations":[{"start":{"line":60,"column":6},"end":{"line":60,"column":6}},{"start":{"line":60,"column":6},"end":{"line":60,"column":6}}]},"7":{"line":61,"type":"if","locations":[{"start":{"line":61,"column":8},"end":{"line":61,"column":8}},{"start":{"line":61,"column":8},"end":{"line":61,"column":8}}]},"8":{"line":73,"type":"if","locations":[{"start":{"line":73,"column":8},"end":{"line":73,"column":8}},{"start":{"line":73,"column":8},"end":{"line":73,"column":8}}]},"9":{"line":78,"type":"if","locations":[{"start":{"line":78,"column":8},"end":{"line":78,"column":8}},{"start":{"line":78,"column":8},"end":{"line":78,"column":8}}]},"10":{"line":78,"type":"binary-expr","locations":[{"start":{"line":78,"column":11},"end":{"line":78,"column":27}},{"start":{"line":78,"column":31},"end":{"line":78,"column":47}}]},"11":{"line":82,"type":"if","locations":[{"start":{"line":82,"column":8},"end":{"line":82,"column":8}},{"start":{"line":82,"column":8},"end":{"line":82,"column":8}}]},"12":{"line":98,"type":"if","locations":[{"start":{"line":98,"column":6},"end":{"line":98,"column":6}},{"start":{"line":98,"column":6},"end":{"line":98,"column":6}}]},"13":{"line":99,"type":"if","locations":[{"start":{"line":99,"column":8},"end":{"line":99,"column":8}},{"start":{"line":99,"column":8},"end":{"line":99,"column":8}}]},"14":{"line":100,"type":"if","locations":[{"start":{"line":100,"column":10},"end":{"line":100,"column":10}},{"start":{"line":100,"column":10},"end":{"line":100,"column":10}}]},"15":{"line":107,"type":"if","locations":[{"start":{"line":107,"column":13},"end":{"line":107,"column":13}},{"start":{"line":107,"column":13},"end":{"line":107,"column":13}}]},"16":{"line":113,"type":"if","locations":[{"start":{"line":113,"column":6},"end":{"line":113,"column":6}},{"start":{"line":113,"column":6},"end":{"line":113,"column":6}}]},"17":{"line":117,"type":"if","locations":[{"start":{"line":117,"column":8},"end":{"line":117,"column":8}},{"start":{"line":117,"column":8},"end":{"line":117,"column":8}}]}}},"/Users/alexmason/Documents/_dev/demos/battleships/spec/ship-spec.js":{"path":"/Users/alexmason/Documents/_dev/demos/battleships/spec/ship-spec.js","s":{"1":1,"2":1,"3":1,"4":1,"5":1,"6":1,"7":3,"8":1,"9":1,"10":1,"11":1,"12":1,"13":1,"14":1,"15":1,"16":5,"17":1},"b":{},"f":{"1":1,"2":3,"3":1,"4":1,"5":1},"fnMap":{"1":{"name":"(anonymous_1)","line":4,"loc":{"start":{"line":4,"column":19},"end":{"line":4,"column":29}}},"2":{"name":"(anonymous_2)","line":13,"loc":{"start":{"line":13,"column":13},"end":{"line":13,"column":23}}},"3":{"name":"(anonymous_3)","line":17,"loc":{"start":{"line":17,"column":67},"end":{"line":17,"column":77}}},"4":{"name":"(anonymous_4)","line":22,"loc":{"start":{"line":22,"column":54},"end":{"line":22,"column":64}}},"5":{"name":"(anonymous_5)","line":26,"loc":{"start":{"line":26,"column":73},"end":{"line":26,"column":83}}}},"statementMap":{"1":{"start":{"line":1,"column":0},"end":{"line":1,"column":37}},"2":{"start":{"line":4,"column":0},"end":{"line":32,"column":3}},"3":{"start":{"line":5,"column":2},"end":{"line":5,"column":11}},"4":{"start":{"line":6,"column":2},"end":{"line":6,"column":19}},"5":{"start":{"line":8,"column":2},"end":{"line":11,"column":4}},"6":{"start":{"line":13,"column":2},"end":{"line":15,"column":5}},"7":{"start":{"line":14,"column":4},"end":{"line":14,"column":37}},"8":{"start":{"line":17,"column":2},"end":{"line":20,"column":5}},"9":{"start":{"line":18,"column":4},"end":{"line":18,"column":24}},"10":{"start":{"line":19,"column":4},"end":{"line":19,"column":37}},"11":{"start":{"line":22,"column":2},"end":{"line":25,"column":5}},"12":{"start":{"line":23,"column":4},"end":{"line":23,"column":20}},"13":{"start":{"line":24,"column":4},"end":{"line":24,"column":35}},"14":{"start":{"line":26,"column":2},"end":{"line":31,"column":5}},"15":{"start":{"line":27,"column":4},"end":{"line":29,"column":5}},"16":{"start":{"line":28,"column":6},"end":{"line":28,"column":26}},"17":{"start":{"line":30,"column":4},"end":{"line":30,"column":35}}},"branchMap":{}}}