TN:
SF:/Users/alexmason/Documents/_dev/demos/battleships/spec/board-spec.js
FN:3,(anonymous_1)
FN:15,(anonymous_2)
FN:20,(anonymous_3)
FN:26,(anonymous_4)
FN:33,(anonymous_5)
FN:44,(anonymous_6)
FN:50,(anonymous_7)
FN:62,(anonymous_8)
FN:70,(anonymous_9)
FN:86,(anonymous_10)
FN:93,(anonymous_11)
FNF:11
FNH:11
FNDA:1,(anonymous_1)
FNDA:9,(anonymous_2)
FNDA:1,(anonymous_3)
FNDA:1,(anonymous_4)
FNDA:1,(anonymous_5)
FNDA:1,(anonymous_6)
FNDA:1,(anonymous_7)
FNDA:1,(anonymous_8)
FNDA:1,(anonymous_9)
FNDA:1,(anonymous_10)
FNDA:1,(anonymous_11)
DA:1,1
DA:3,1
DA:4,1
DA:5,1
DA:7,1
DA:8,1
DA:9,1
DA:15,1
DA:16,9
DA:17,9
DA:20,1
DA:21,1
DA:22,1
DA:23,1
DA:26,1
DA:27,1
DA:28,1
DA:30,1
DA:33,1
DA:34,1
DA:35,1
DA:40,1
DA:42,1
DA:44,1
DA:45,1
DA:46,1
DA:47,1
DA:50,1
DA:51,1
DA:52,1
DA:57,1
DA:59,1
DA:62,1
DA:63,1
DA:65,1
DA:66,1
DA:67,1
DA:70,1
DA:71,1
DA:73,1
DA:74,3
DA:77,1
DA:81,1
DA:82,1
DA:83,1
DA:86,1
DA:87,1
DA:89,1
DA:90,1
DA:93,1
DA:94,1
DA:96,1
DA:98,1
DA:99,1
DA:101,1
DA:102,1
LF:56
LH:56
BRDA:89,1,0,1
BRDA:89,1,1,1
BRF:2
BRH:2
end_of_record
TN:
SF:/Users/alexmason/Documents/_dev/demos/battleships/src/board.js
FN:4,(anonymous_1)
FN:8,(anonymous_2)
FN:19,(anonymous_3)
FN:28,(anonymous_4)
FN:72,(anonymous_5)
FN:73,(anonymous_6)
FN:77,(anonymous_7)
FN:88,(anonymous_8)
FN:91,(anonymous_9)
FN:97,(anonymous_10)
FN:98,(anonymous_11)
FN:99,(anonymous_12)
FNF:12
FNH:12
FNDA:22,(anonymous_1)
FNDA:24,(anonymous_2)
FNDA:25,(anonymous_3)
FNDA:8,(anonymous_4)
FNDA:2,(anonymous_5)
FNDA:2,(anonymous_6)
FNDA:3,(anonymous_7)
FNDA:9,(anonymous_8)
FNDA:9,(anonymous_9)
FNDA:25,(anonymous_10)
FNDA:15,(anonymous_11)
FNDA:67,(anonymous_12)
DA:1,1
DA:2,1
DA:4,1
DA:7,22
DA:9,24
DA:10,24
DA:11,24
DA:14,24
DA:15,24
DA:17,24
DA:23,25
DA:24,4
DA:26,25
DA:30,8
DA:31,8
DA:32,8
DA:33,8
DA:36,6
DA:37,1
DA:41,5
DA:42,18
DA:43,1
DA:46,17
DA:48,4
DA:51,2
DA:54,2
DA:55,1
DA:59,1
DA:60,5
DA:61,0
DA:64,5
DA:66,1
DA:73,2
DA:74,2
DA:78,3
DA:80,3
DA:81,1
DA:83,3
DA:89,9
DA:92,9
DA:93,6
DA:95,3
DA:98,25
DA:99,15
DA:100,67
DA:101,2
LF:46
LH:45
BRDA:33,1,0,6
BRDA:33,1,1,2
BRDA:36,2,0,1
BRDA:36,2,1,5
BRDA:42,3,0,1
BRDA:42,3,1,17
BRDA:51,4,0,2
BRDA:51,4,1,0
BRDA:54,5,0,1
BRDA:54,5,1,1
BRDA:60,6,0,0
BRDA:60,6,1,5
BRDA:80,7,0,1
BRDA:80,7,1,2
BRDA:92,8,0,6
BRDA:92,8,1,3
BRDA:100,9,0,2
BRDA:100,9,1,65
BRDA:100,10,0,67
BRDA:100,10,1,2
BRF:20
BRH:18
end_of_record
TN:
SF:/Users/alexmason/Documents/_dev/demos/battleships/src/ship.js
FN:1,(anonymous_1)
FN:5,(anonymous_2)
FN:14,(anonymous_3)
FN:21,(anonymous_4)
FNF:4
FNH:4
FNDA:28,(anonymous_1)
FNDA:28,(anonymous_2)
FNDA:6,(anonymous_3)
FNDA:2,(anonymous_4)
DA:1,1
DA:4,28
DA:6,28
DA:7,28
DA:8,28
DA:9,28
DA:10,28
DA:12,28
DA:15,6
DA:17,6
DA:18,1
DA:22,2
DA:23,2
LF:13
LH:13
BRDA:17,1,0,1
BRDA:17,1,1,5
BRF:2
BRH:2
end_of_record
TN:
SF:/Users/alexmason/Documents/_dev/demos/battleships/spec/game-spec.js
FN:4,(anonymous_1)
FN:15,(anonymous_2)
FN:20,(anonymous_3)
FN:24,(anonymous_4)
FN:31,(anonymous_5)
FN:36,(anonymous_6)
FN:41,(anonymous_7)
FN:46,(anonymous_8)
FN:51,(anonymous_9)
FN:56,(anonymous_10)
FN:61,(anonymous_11)
FN:66,(anonymous_12)
FN:71,(anonymous_13)
FN:76,(anonymous_14)
FN:81,(anonymous_15)
FN:85,(anonymous_16)
FNF:16
FNH:16
FNDA:1,(anonymous_1)
FNDA:13,(anonymous_2)
FNDA:13,(anonymous_3)
FNDA:1,(anonymous_4)
FNDA:1,(anonymous_5)
FNDA:1,(anonymous_6)
FNDA:1,(anonymous_7)
FNDA:1,(anonymous_8)
FNDA:1,(anonymous_9)
FNDA:1,(anonymous_10)
FNDA:1,(anonymous_11)
FNDA:1,(anonymous_12)
FNDA:1,(anonymous_13)
FNDA:1,(anonymous_14)
FNDA:1,(anonymous_15)
FNDA:1,(anonymous_16)
DA:1,1
DA:4,1
DA:5,1
DA:7,1
DA:8,1
DA:15,1
DA:16,13
DA:17,13
DA:20,1
DA:21,13
DA:24,1
DA:25,1
DA:26,1
DA:28,1
DA:31,1
DA:32,1
DA:33,1
DA:36,1
DA:37,1
DA:38,1
DA:41,1
DA:42,1
DA:43,1
DA:46,1
DA:47,1
DA:48,1
DA:51,1
DA:52,1
DA:53,1
DA:56,1
DA:57,1
DA:58,1
DA:61,1
DA:62,1
DA:63,1
DA:66,1
DA:67,1
DA:68,1
DA:71,1
DA:72,1
DA:73,1
DA:76,1
DA:77,1
DA:78,1
DA:81,1
DA:82,1
DA:85,1
DA:86,1
DA:87,1
LF:49
LH:49
BRF:0
BRH:0
end_of_record
TN:
SF:/Users/alexmason/Documents/_dev/demos/battleships/src/game.js
FN:5,(anonymous_1)
FN:9,(anonymous_2)
FN:17,(anonymous_3)
FN:26,(anonymous_4)
FN:31,(anonymous_5)
FN:37,(anonymous_6)
FN:67,(anonymous_7)
FN:70,(anonymous_8)
FN:71,(anonymous_9)
FN:93,(anonymous_10)
FN:128,(anonymous_11)
FN:129,(anonymous_12)
FNF:12
FNH:8
FNDA:13,(anonymous_1)
FNDA:13,(anonymous_2)
FNDA:1,(anonymous_3)
FNDA:2,(anonymous_4)
FNDA:9,(anonymous_5)
FNDA:8,(anonymous_6)
FNDA:0,(anonymous_7)
FNDA:0,(anonymous_8)
FNDA:0,(anonymous_9)
FNDA:0,(anonymous_10)
FNDA:2,(anonymous_11)
FNDA:2,(anonymous_12)
DA:1,1
DA:2,1
DA:3,1
DA:5,1
DA:8,13
DA:10,13
DA:11,13
DA:13,13
DA:18,1
DA:19,1
DA:21,1
DA:23,1
DA:27,2
DA:32,9
DA:33,9
DA:35,9
DA:38,8
DA:41,8
DA:42,0
DA:45,8
DA:46,2
DA:49,6
DA:50,2
DA:54,4
DA:55,1
DA:60,3
DA:61,2
DA:62,1
DA:65,2
DA:68,0
DA:71,0
DA:72,0
DA:73,0
DA:74,0
DA:75,0
DA:78,0
DA:79,0
DA:82,0
DA:83,0
DA:84,0
DA:87,0
DA:89,0
DA:95,0
DA:96,0
DA:98,0
DA:99,0
DA:100,0
DA:101,0
DA:104,0
DA:107,0
DA:108,0
DA:110,0
DA:113,0
DA:114,0
DA:115,0
DA:117,0
DA:118,0
DA:119,0
DA:123,0
DA:125,0
DA:126,0
DA:129,2
DA:130,2
LF:63
LH:30
BRDA:41,1,0,0
BRDA:41,1,1,8
BRDA:41,2,0,8
BRDA:41,2,1,8
BRDA:45,3,0,2
BRDA:45,3,1,6
BRDA:49,4,0,2
BRDA:49,4,1,4
BRDA:54,5,0,1
BRDA:54,5,1,3
BRDA:60,6,0,2
BRDA:60,6,1,1
BRDA:61,7,0,1
BRDA:61,7,1,1
BRDA:73,8,0,0
BRDA:73,8,1,0
BRDA:78,9,0,0
BRDA:78,9,1,0
BRDA:78,10,0,0
BRDA:78,10,1,0
BRDA:82,11,0,0
BRDA:82,11,1,0
BRDA:98,12,0,0
BRDA:98,12,1,0
BRDA:99,13,0,0
BRDA:99,13,1,0
BRDA:100,14,0,0
BRDA:100,14,1,0
BRDA:107,15,0,0
BRDA:107,15,1,0
BRDA:113,16,0,0
BRDA:113,16,1,0
BRDA:117,17,0,0
BRDA:117,17,1,0
BRF:34
BRH:13
end_of_record
TN:
SF:/Users/alexmason/Documents/_dev/demos/battleships/spec/ship-spec.js
FN:4,(anonymous_1)
FN:13,(anonymous_2)
FN:17,(anonymous_3)
FN:22,(anonymous_4)
FN:26,(anonymous_5)
FNF:5
FNH:5
FNDA:1,(anonymous_1)
FNDA:3,(anonymous_2)
FNDA:1,(anonymous_3)
FNDA:1,(anonymous_4)
FNDA:1,(anonymous_5)
DA:1,1
DA:4,1
DA:5,1
DA:6,1
DA:8,1
DA:13,1
DA:14,3
DA:17,1
DA:18,1
DA:19,1
DA:22,1
DA:23,1
DA:24,1
DA:26,1
DA:27,1
DA:28,5
DA:30,1
LF:17
LH:17
BRF:0
BRH:0
end_of_record
